<?xml version="1.0" encoding="UTF-8"?>
<testsuite name="md.utm.cloudapp.CloudAppApplicationTests" tests="1" skipped="0" failures="0" errors="0" timestamp="2024-05-19T08:58:27" hostname="DESKTOP-T24EARQ" time="0.432">
  <properties/>
  <testcase name="contextLoads()" classname="md.utm.cloudapp.CloudAppApplicationTests" time="0.432"/>
  <system-out><![CDATA[11:58:26.866 [Test worker] INFO org.springframework.test.context.support.AnnotationConfigContextLoaderUtils -- Could not detect default configuration classes for test class [md.utm.cloudapp.CloudAppApplicationTests]: CloudAppApplicationTests does not declare any static, non-private, non-final, nested classes annotated with @Configuration.
11:58:26.936 [Test worker] INFO org.springframework.boot.test.context.SpringBootTestContextBootstrapper -- Found @SpringBootConfiguration md.utm.cloudapp.CloudAppApplication for test class md.utm.cloudapp.CloudAppApplicationTests

  .   ____          _            __ _ _
 /\\ / ___'_ __ _ _(_)_ __  __ _ \ \ \ \
( ( )\___ | '_ | '_| | '_ \/ _` | \ \ \ \
 \\/  ___)| |_)| | | | | || (_| |  ) ) ) )
  '  |____| .__|_| |_|_| |_\__, | / / / /
 =========|_|==============|___/=/_/_/_/
 :: Spring Boot ::                (v3.2.4)

2024-05-19T11:58:27.187+03:00  INFO 29516 --- [cloud-app] [    Test worker] m.utm.cloudapp.CloudAppApplicationTests  : Starting CloudAppApplicationTests using Java 17.0.10 with PID 29516 (started by yukki in C:\Users\yukki\OneDrive\Desktop\cloud\cloud-app)
2024-05-19T11:58:27.188+03:00  INFO 29516 --- [cloud-app] [    Test worker] m.utm.cloudapp.CloudAppApplicationTests  : No active profile set, falling back to 1 default profile: "default"
2024-05-19T11:58:27.851+03:00  INFO 29516 --- [cloud-app] [    Test worker] m.utm.cloudapp.CloudAppApplicationTests  : Started CloudAppApplicationTests in 0.802 seconds (process running for 1.588)
]]></system-out>
  <system-err><![CDATA[]]></system-err>
</testsuite>
