<?xml version="1.0" encoding="UTF-8"?>
<testsuite name="md.utm.cloudapp.CloudAppApplicationTests" tests="1" skipped="0" failures="0" errors="0" timestamp="2024-05-20T13:27:31" hostname="DESKTOP-T24EARQ" time="0.441">
  <properties/>
  <testcase name="contextLoads()" classname="md.utm.cloudapp.CloudAppApplicationTests" time="0.441"/>
  <system-out><![CDATA[16:27:30.185 [Test worker] INFO org.springframework.test.context.support.AnnotationConfigContextLoaderUtils -- Could not detect default configuration classes for test class [md.utm.cloudapp.CloudAppApplicationTests]: CloudAppApplicationTests does not declare any static, non-private, non-final, nested classes annotated with @Configuration.
16:27:30.250 [Test worker] INFO org.springframework.boot.test.context.SpringBootTestContextBootstrapper -- Found @SpringBootConfiguration md.utm.cloudapp.CloudAppApplication for test class md.utm.cloudapp.CloudAppApplicationTests

  .   ____          _            __ _ _
 /\\ / ___'_ __ _ _(_)_ __  __ _ \ \ \ \
( ( )\___ | '_ | '_| | '_ \/ _` | \ \ \ \
 \\/  ___)| |_)| | | | | || (_| |  ) ) ) )
  '  |____| .__|_| |_|_| |_\__, | / / / /
 =========|_|==============|___/=/_/_/_/
 :: Spring Boot ::                (v3.2.4)

2024-05-20T16:27:30.492+03:00  INFO 8388 --- [cloud-app] [    Test worker] m.utm.cloudapp.CloudAppApplicationTests  : Starting CloudAppApplicationTests using Java 17.0.10 with PID 8388 (started by yukki in C:\Users\yukki\OneDrive\Desktop\cloud\cloud-app)
2024-05-20T16:27:30.493+03:00  INFO 8388 --- [cloud-app] [    Test worker] m.utm.cloudapp.CloudAppApplicationTests  : No active profile set, falling back to 1 default profile: "default"
2024-05-20T16:27:31.145+03:00  INFO 8388 --- [cloud-app] [    Test worker] m.utm.cloudapp.CloudAppApplicationTests  : Started CloudAppApplicationTests in 0.794 seconds (process running for 1.514)
]]></system-out>
  <system-err><![CDATA[]]></system-err>
</testsuite>
